(node:28856) [DEP0061] DeprecationWarning: fs.SyncWriteStream is deprecated.
INFO  Start processing
INFO  hexo-filter-cleanup(FAVICONS): error [ Error: ENOENT: no such file or directory, access '/home/wwwroot/workspaces/blog/themes/pure/source/img/logo.png' ]
INFO  hexo-filter-cleanup(IMG): fonts/iconfont.svg [ 41.53% saved]
INFO  hexo-filter-cleanup(IMG): favicon.png [ 60.12% saved]
INFO  hexo-filter-cleanup(IMG): images/thumb-default.png [ 90.11% saved]
INFO  hexo-filter-cleanup(IMG): images/favatar/chuangzaoshi-logo.png [ 15.98% saved]
INFO  hexo-filter-cleanup(IMG): images/favatar/idesign-logo.png [ 8.13% saved]
INFO  hexo-filter-cleanup(IMG): images/pasted-24.png [ 5.36% saved]
INFO  hexo-filter-cleanup(IMG): images/pasted-14.png [ 21.00% saved]
INFO  hexo-filter-cleanup(IMG): images/pasted-9.png [ 64.04% saved]
INFO  hexo-filter-cleanup(IMG): images/donate/alipayimg.png [ 38.65% saved]
INFO  hexo-filter-cleanup(IMG): images/donate/wechatpayimg.png [ 34.78% saved]
INFO  hexo-filter-cleanup(IMG): images/pasted-11.png [ 59.51% saved]
INFO  hexo-filter-cleanup(IMG): images/pasted-12.png [ 59.51% saved]
INFO  hexo-filter-cleanup(IMG): images/pasted-0.png [ 8.08% saved]
INFO  hexo-filter-cleanup(IMG): images/pasted-13.png [ 73.54% saved]
INFO  hexo-filter-cleanup(IMG): images/pasted-3.png [ 11.10% saved]
INFO  hexo-filter-cleanup(IMG): images/pasted-21.png [ 70.32% saved]
INFO  hexo-filter-cleanup(IMG): images/pasted-2.png [ 9.96% saved]
INFO  hexo-filter-cleanup(IMG): images/pasted-7.png [ 31.37% saved]
INFO  hexo-filter-cleanup(IMG): images/pasted-8.png [ 42.95% saved]
INFO  hexo-filter-cleanup(IMG): images/pasted-1.png [ 27.88% saved]
INFO  hexo-filter-cleanup(IMG): images/pasted-22.png [ 46.08% saved]
INFO  hexo-filter-cleanup(IMG): images/pasted-10.png [ 69.42% saved]
INFO  hexo-filter-cleanup(IMG): images/pasted-16.png [ 35.40% saved]
INFO  hexo-filter-cleanup(IMG): images/pasted-23.png [ 45.35% saved]
INFO  hexo-filter-cleanup(IMG): images/pasted-17.png [ 34.98% saved]
INFO  hexo-filter-cleanup(IMG): images/pasted-4.png [ 29.78% saved]
INFO  hexo-filter-cleanup(IMG): images/pasted-18.png [ 34.18% saved]
INFO  hexo-filter-cleanup(IMG): images/pasted-19.png [ 34.42% saved]
INFO  hexo-filter-cleanup(IMG): images/pasted-5.png [ 30.10% saved]
INFO  hexo-filter-cleanup(IMG): images/pasted-20.png [ 34.44% saved]
INFO  hexo-filter-cleanup(IMG): images/pasted-15.png [ 26.99% saved]
INFO  hexo-filter-cleanup(IMG): images/pasted-6.png [ 40.33% saved]
INFO  hexo-filter-cleanup(HTML): 读书推荐/index.html [ 18.50% saved]
INFO  hexo-filter-cleanup(HTML): books/index.html [ 18.50% saved]
INFO  hexo-filter-cleanup(HTML): think/index.html [ 21.26% saved]
INFO  hexo-filter-cleanup(HTML): repository/index.html [ 22.84% saved]
INFO  hexo-filter-cleanup(HTML): about/index.html [ 22.37% saved]
INFO  hexo-filter-cleanup(HTML): 2018/04/02/Hexo博客后台运行技巧/index.html [ 21.77% saved]
INFO  hexo-filter-cleanup(HTML): 2018/04/02/JavaScript兼容性解决方式/index.html [ 16.36% saved]
INFO  hexo-filter-cleanup(HTML): 2018/04/02/JavaScript-2048智力游戏/index.html [ 8.89% saved]
INFO  hexo-filter-cleanup(HTML): 2018/04/02/PHP-精度问题/index.html [ 21.55% saved]
INFO  hexo-filter-cleanup(HTML): 2018/04/02/频繁项数据挖掘/index.html [ 12.08% saved]
INFO  hexo-filter-cleanup(HTML): 2018/04/02/Factory-Method-工厂方法模式（创建型）/index.html [ 15.79% saved]
INFO  hexo-filter-cleanup(HTML): 2018/04/02/终端神器-oh-my-zsh/index.html [ 18.46% saved]
INFO  hexo-filter-cleanup(HTML): 2018/04/02/拒绝服务攻击防范-Nginx/index.html [ 19.79% saved]
INFO  hexo-filter-cleanup(HTML): 2018/04/02/Redis使用五个注意事项/index.html [ 20.45% saved]
INFO  hexo-filter-cleanup(HTML): 2018/04/02/Awesome-PHP-（转载）/index.html [ 5.13% saved]
INFO  hexo-filter-cleanup(HTML): 2018/04/02/Nginx-启用安全https/index.html [ 19.47% saved]
INFO  hexo-filter-cleanup(HTML): 2018/04/02/PHP自定义Composer-包/index.html [ 12.27% saved]
INFO  hexo-filter-cleanup(HTML): 2018/04/02/《代码整洁之道》读书笔记（一）/index.html [ 20.75% saved]
INFO  hexo-filter-cleanup(HTML): 2018/04/02/PHP源码阅读-SAPI/index.html [ 12.04% saved]
INFO  hexo-filter-cleanup(HTML): 2018/04/02/Web浏览器同源政策及其规避方法/index.html [ 13.78% saved]
INFO  hexo-filter-cleanup(HTML): 2018/04/02/Facade外观设计模式（结构型）/index.html [ 13.63% saved]
INFO  hexo-filter-cleanup(HTML): 2018/04/02/程序设计基础概念集合/index.html [ 21.93% saved]
INFO  hexo-filter-cleanup(HTML): 2018/04/02/PHP-文件下载乱码/index.html [ 20.62% saved]
INFO  hexo-filter-cleanup(HTML): 2018/04/02/打赏/index.html [ 22.89% saved]
INFO  hexo-filter-cleanup(HTML): 2018/04/02/Simple-Factory-简单工厂模式（创建型）/index.html [ 13.92% saved]
INFO  hexo-filter-cleanup(HTML): 2018/04/02/雅虎前端34条军规（转载）/index.html [ 15.27% saved]
INFO  hexo-filter-cleanup(HTML): 2018/04/02/12306-余票查询/index.html [ 16.99% saved]
INFO  hexo-filter-cleanup(HTML): 2018/04/02/登录验证分析（12306网站）/index.html [ 18.43% saved]
INFO  hexo-filter-cleanup(HTML): archives/index.html [ 23.22% saved]
INFO  hexo-filter-cleanup(HTML): archives/page/2/index.html [ 23.23% saved]
INFO  hexo-filter-cleanup(HTML): archives/page/3/index.html [ 24.78% saved]
INFO  hexo-filter-cleanup(HTML): archives/2018/index.html [ 23.19% saved]
INFO  hexo-filter-cleanup(HTML): archives/2018/page/2/index.html [ 23.19% saved]
INFO  hexo-filter-cleanup(HTML): archives/2018/page/3/index.html [ 24.74% saved]
INFO  hexo-filter-cleanup(HTML): archives/2018/04/index.html [ 23.17% saved]
INFO  hexo-filter-cleanup(HTML): archives/2018/04/page/2/index.html [ 23.17% saved]
INFO  hexo-filter-cleanup(HTML): archives/2018/04/page/3/index.html [ 24.72% saved]
INFO  hexo-filter-cleanup(HTML): categories/公共API/index.html [ 24.09% saved]
INFO  hexo-filter-cleanup(HTML): categories/设计模式/index.html [ 23.74% saved]
INFO  hexo-filter-cleanup(HTML): categories/PHP/index.html [ 24.12% saved]
INFO  hexo-filter-cleanup(HTML): categories/HTTP/index.html [ 24.22% saved]
INFO  hexo-filter-cleanup(HTML): categories/PHP源码分析/index.html [ 24.20% saved]
INFO  hexo-filter-cleanup(HTML): categories/代码重构/index.html [ 24.22% saved]
INFO  hexo-filter-cleanup(HTML): categories/Composer/index.html [ 24.17% saved]
INFO  hexo-filter-cleanup(HTML): categories/Redis/index.html [ 24.22% saved]
INFO  hexo-filter-cleanup(HTML): categories/Nginx/index.html [ 24.22% saved]
INFO  hexo-filter-cleanup(HTML): categories/Linux/index.html [ 24.22% saved]
INFO  hexo-filter-cleanup(HTML): categories/JavaScript/index.html [ 24.14% saved]
INFO  hexo-filter-cleanup(HTML): categories/算法/index.html [ 24.27% saved]
INFO  hexo-filter-cleanup(HTML): categories/Hexo/index.html [ 24.23% saved]
INFO  hexo-filter-cleanup(HTML): index.html [ 20.31% saved]
INFO  hexo-filter-cleanup(HTML): page/2/index.html [ 20.40% saved]
INFO  hexo-filter-cleanup(HTML): page/3/index.html [ 23.35% saved]
INFO  hexo-filter-cleanup(HTML): tags/游戏/index.html [ 23.82% saved]
INFO  hexo-filter-cleanup(HTML): fonts/README.html [ 0.54% saved]
INFO  Hexo is running at http://localhost:4000/. Press Ctrl+C to stop.
(node:29013) [DEP0061] DeprecationWarning: fs.SyncWriteStream is deprecated.
INFO  Start processing
INFO  hexo-filter-cleanup(FAVICONS): error [ Error: ENOENT: no such file or directory, access '/home/wwwroot/workspaces/blog/themes/pure/source/img/logo.png' ]
INFO  hexo-filter-cleanup(IMG): fonts/iconfont.svg [ 41.53% saved]
INFO  hexo-filter-cleanup(IMG): images/pasted-24.png [ 5.36% saved]
INFO  hexo-filter-cleanup(IMG): images/pasted-14.png [ 21.00% saved]
INFO  hexo-filter-cleanup(IMG): images/favatar/chuangzaoshi-logo.png [ 15.98% saved]
INFO  hexo-filter-cleanup(IMG): images/thumb-default.png [ 90.11% saved]
INFO  hexo-filter-cleanup(IMG): favicon.png [ 60.12% saved]
INFO  hexo-filter-cleanup(IMG): images/favatar/idesign-logo.png [ 8.13% saved]
INFO  hexo-filter-cleanup(IMG): images/pasted-9.png [ 64.04% saved]
INFO  hexo-filter-cleanup(IMG): images/pasted-11.png [ 59.51% saved]
INFO  hexo-filter-cleanup(IMG): images/pasted-12.png [ 59.51% saved]
INFO  hexo-filter-cleanup(IMG): images/donate/alipayimg.png [ 38.65% saved]
INFO  hexo-filter-cleanup(IMG): images/pasted-0.png [ 8.08% saved]
INFO  hexo-filter-cleanup(IMG): images/pasted-13.png [ 73.54% saved]
INFO  hexo-filter-cleanup(IMG): images/donate/wechatpayimg.png [ 34.78% saved]
INFO  hexo-filter-cleanup(IMG): images/pasted-21.png [ 70.32% saved]
INFO  hexo-filter-cleanup(IMG): images/pasted-3.png [ 11.10% saved]
INFO  hexo-filter-cleanup(IMG): images/pasted-10.png [ 69.42% saved]
INFO  hexo-filter-cleanup(IMG): images/pasted-2.png [ 9.96% saved]
INFO  hexo-filter-cleanup(IMG): images/pasted-1.png [ 27.88% saved]
INFO  hexo-filter-cleanup(IMG): images/pasted-7.png [ 31.37% saved]
INFO  hexo-filter-cleanup(IMG): images/pasted-16.png [ 35.40% saved]
INFO  hexo-filter-cleanup(IMG): images/pasted-22.png [ 46.08% saved]
INFO  hexo-filter-cleanup(IMG): images/pasted-23.png [ 45.35% saved]
INFO  hexo-filter-cleanup(IMG): images/pasted-17.png [ 34.98% saved]
INFO  hexo-filter-cleanup(IMG): images/pasted-8.png [ 42.95% saved]
INFO  hexo-filter-cleanup(IMG): images/pasted-18.png [ 34.18% saved]
INFO  hexo-filter-cleanup(IMG): images/pasted-19.png [ 34.42% saved]
INFO  hexo-filter-cleanup(IMG): images/pasted-20.png [ 34.44% saved]
INFO  hexo-filter-cleanup(IMG): images/pasted-4.png [ 29.78% saved]
INFO  hexo-filter-cleanup(IMG): images/pasted-5.png [ 30.10% saved]
INFO  hexo-filter-cleanup(IMG): images/pasted-15.png [ 26.99% saved]
INFO  hexo-filter-cleanup(IMG): images/pasted-6.png [ 40.33% saved]
(node:29099) [DEP0061] DeprecationWarning: fs.SyncWriteStream is deprecated.
INFO  Start processing
INFO  hexo-filter-cleanup(FAVICONS): error [ Error: ENOENT: no such file or directory, access '/home/wwwroot/workspaces/blog/themes/pure/source/img/logo.png' ]
INFO  hexo-filter-cleanup(IMG): fonts/iconfont.svg [ 41.53% saved]
INFO  hexo-filter-cleanup(IMG): images/pasted-24.png [ 5.36% saved]
INFO  hexo-filter-cleanup(IMG): images/pasted-14.png [ 21.00% saved]
INFO  hexo-filter-cleanup(IMG): images/thumb-default.png [ 90.11% saved]
INFO  hexo-filter-cleanup(IMG): images/favatar/chuangzaoshi-logo.png [ 15.98% saved]
INFO  hexo-filter-cleanup(IMG): favicon.png [ 60.12% saved]
INFO  hexo-filter-cleanup(IMG): images/favatar/idesign-logo.png [ 8.13% saved]
INFO  hexo-filter-cleanup(IMG): images/pasted-9.png [ 64.04% saved]
INFO  hexo-filter-cleanup(IMG): images/pasted-11.png [ 59.51% saved]
INFO  hexo-filter-cleanup(IMG): images/pasted-12.png [ 59.51% saved]
INFO  hexo-filter-cleanup(IMG): images/donate/alipayimg.png [ 38.65% saved]
INFO  hexo-filter-cleanup(IMG): images/pasted-13.png [ 73.54% saved]
INFO  hexo-filter-cleanup(IMG): images/pasted-0.png [ 8.08% saved]
INFO  hexo-filter-cleanup(IMG): images/pasted-21.png [ 70.32% saved]
INFO  hexo-filter-cleanup(IMG): images/donate/wechatpayimg.png [ 34.78% saved]
INFO  hexo-filter-cleanup(IMG): images/pasted-3.png [ 11.10% saved]
INFO  hexo-filter-cleanup(IMG): images/pasted-10.png [ 69.42% saved]
INFO  hexo-filter-cleanup(IMG): images/pasted-7.png [ 31.37% saved]
INFO  hexo-filter-cleanup(IMG): images/pasted-2.png [ 9.96% saved]
INFO  hexo-filter-cleanup(IMG): images/pasted-16.png [ 35.40% saved]
INFO  hexo-filter-cleanup(IMG): images/pasted-1.png [ 27.88% saved]
INFO  hexo-filter-cleanup(IMG): images/pasted-23.png [ 45.35% saved]
INFO  hexo-filter-cleanup(IMG): images/pasted-8.png [ 42.95% saved]
INFO  hexo-filter-cleanup(IMG): images/pasted-22.png [ 46.08% saved]
INFO  hexo-filter-cleanup(IMG): images/pasted-17.png [ 34.98% saved]
INFO  hexo-filter-cleanup(IMG): images/pasted-18.png [ 34.18% saved]
INFO  hexo-filter-cleanup(IMG): images/pasted-20.png [ 34.44% saved]
INFO  hexo-filter-cleanup(IMG): images/pasted-4.png [ 29.78% saved]
INFO  hexo-filter-cleanup(IMG): images/pasted-19.png [ 34.42% saved]
INFO  hexo-filter-cleanup(IMG): images/pasted-5.png [ 30.10% saved]
INFO  hexo-filter-cleanup(IMG): images/pasted-15.png [ 26.99% saved]
INFO  hexo-filter-cleanup(IMG): images/pasted-6.png [ 40.33% saved]
INFO  hexo-filter-cleanup(HTML): about/index.html [ 22.37% saved]
INFO  hexo-filter-cleanup(HTML): books/index.html [ 18.50% saved]
INFO  hexo-filter-cleanup(HTML): repository/index.html [ 22.84% saved]
INFO  hexo-filter-cleanup(HTML): think/index.html [ 21.26% saved]
INFO  hexo-filter-cleanup(HTML): 读书推荐/index.html [ 18.50% saved]
INFO  hexo-filter-cleanup(HTML): 2018/04/02/Hexo博客后台运行技巧/index.html [ 21.77% saved]
INFO  hexo-filter-cleanup(HTML): 2018/04/02/JavaScript兼容性解决方式/index.html [ 16.36% saved]
INFO  hexo-filter-cleanup(HTML): 2018/04/02/JavaScript-2048智力游戏/index.html [ 8.89% saved]
INFO  hexo-filter-cleanup(HTML): 2018/04/02/PHP-精度问题/index.html [ 21.55% saved]
INFO  hexo-filter-cleanup(HTML): 2018/04/02/频繁项数据挖掘/index.html [ 12.08% saved]
INFO  hexo-filter-cleanup(HTML): 2018/04/02/Factory-Method-工厂方法模式（创建型）/index.html [ 15.79% saved]
INFO  hexo-filter-cleanup(HTML): 2018/04/02/终端神器-oh-my-zsh/index.html [ 18.46% saved]
INFO  hexo-filter-cleanup(HTML): 2018/04/02/拒绝服务攻击防范-Nginx/index.html [ 19.79% saved]
INFO  hexo-filter-cleanup(HTML): 2018/04/02/Redis使用五个注意事项/index.html [ 20.45% saved]
INFO  hexo-filter-cleanup(HTML): 2018/04/02/Awesome-PHP-（转载）/index.html [ 5.13% saved]
INFO  hexo-filter-cleanup(HTML): 2018/04/02/Nginx-启用安全https/index.html [ 19.52% saved]
INFO  hexo-filter-cleanup(HTML): 2018/04/02/PHP自定义Composer-包/index.html [ 12.27% saved]
INFO  hexo-filter-cleanup(HTML): 2018/04/02/《代码整洁之道》读书笔记（一）/index.html [ 20.75% saved]
INFO  hexo-filter-cleanup(HTML): 2018/04/02/PHP源码阅读-SAPI/index.html [ 12.04% saved]
INFO  hexo-filter-cleanup(HTML): 2018/04/02/Web浏览器同源政策及其规避方法/index.html [ 13.78% saved]
INFO  hexo-filter-cleanup(HTML): 2018/04/02/Facade外观设计模式（结构型）/index.html [ 13.63% saved]
INFO  hexo-filter-cleanup(HTML): 2018/04/02/程序设计基础概念集合/index.html [ 21.93% saved]
INFO  hexo-filter-cleanup(HTML): 2018/04/02/PHP-文件下载乱码/index.html [ 20.62% saved]
INFO  hexo-filter-cleanup(HTML): 2018/04/02/打赏/index.html [ 22.89% saved]
INFO  hexo-filter-cleanup(HTML): 2018/04/02/Simple-Factory-简单工厂模式（创建型）/index.html [ 13.92% saved]
INFO  hexo-filter-cleanup(HTML): 2018/04/02/雅虎前端34条军规（转载）/index.html [ 15.27% saved]
INFO  hexo-filter-cleanup(HTML): 2018/04/02/12306-余票查询/index.html [ 16.99% saved]
INFO  hexo-filter-cleanup(HTML): 2018/04/02/登录验证分析（12306网站）/index.html [ 18.43% saved]
INFO  hexo-filter-cleanup(HTML): archives/index.html [ 23.22% saved]
INFO  hexo-filter-cleanup(HTML): archives/page/2/index.html [ 23.23% saved]
INFO  hexo-filter-cleanup(HTML): archives/page/3/index.html [ 24.78% saved]
INFO  hexo-filter-cleanup(HTML): archives/2018/index.html [ 23.19% saved]
INFO  hexo-filter-cleanup(HTML): archives/2018/page/2/index.html [ 23.19% saved]
INFO  hexo-filter-cleanup(HTML): archives/2018/page/3/index.html [ 24.74% saved]
INFO  hexo-filter-cleanup(HTML): archives/2018/04/index.html [ 23.17% saved]
INFO  hexo-filter-cleanup(HTML): archives/2018/04/page/2/index.html [ 23.17% saved]
INFO  hexo-filter-cleanup(HTML): archives/2018/04/page/3/index.html [ 24.72% saved]
INFO  hexo-filter-cleanup(HTML): categories/公共API/index.html [ 24.17% saved]
INFO  hexo-filter-cleanup(HTML): categories/设计模式/index.html [ 23.79% saved]
INFO  hexo-filter-cleanup(HTML): categories/Hexo/index.html [ 24.32% saved]
INFO  hexo-filter-cleanup(HTML): categories/JavaScript/index.html [ 24.23% saved]
INFO  hexo-filter-cleanup(HTML): categories/PHP/index.html [ 24.20% saved]
INFO  hexo-filter-cleanup(HTML): categories/PHP源码分析/index.html [ 24.29% saved]
INFO  hexo-filter-cleanup(HTML): categories/Composer/index.html [ 24.26% saved]
INFO  hexo-filter-cleanup(HTML): categories/Redis/index.html [ 24.31% saved]
INFO  hexo-filter-cleanup(HTML): categories/HTTP/index.html [ 24.31% saved]
INFO  hexo-filter-cleanup(HTML): categories/代码重构/index.html [ 24.31% saved]
INFO  hexo-filter-cleanup(HTML): categories/Nginx/index.html [ 24.30% saved]
INFO  hexo-filter-cleanup(HTML): categories/Linux/index.html [ 24.30% saved]
INFO  hexo-filter-cleanup(HTML): categories/算法/index.html [ 24.36% saved]
INFO  hexo-filter-cleanup(HTML): index.html [ 20.31% saved]
INFO  hexo-filter-cleanup(HTML): page/2/index.html [ 20.40% saved]
INFO  hexo-filter-cleanup(HTML): page/3/index.html [ 23.35% saved]
INFO  hexo-filter-cleanup(HTML): tags/游戏/index.html [ 23.82% saved]
INFO  hexo-filter-cleanup(HTML): fonts/README.html [ 0.54% saved]
INFO  Hexo is running at http://localhost:4000/. Press Ctrl+C to stop.
INFO  hexo-filter-cleanup(CSS): /home/wwwroot/workspaces/blog/themes/pure/source/css/style.css [ 18.63% saved]
INFO  hexo-filter-cleanup(JS): /home/wwwroot/workspaces/blog/themes/pure/source/js/plugin.min.js [ 1.67% saved]
INFO  hexo-filter-cleanup(JS): /home/wwwroot/workspaces/blog/themes/pure/source/js/application.js [ 53.17% saved]
INFO  hexo-filter-cleanup(JS): /home/wwwroot/workspaces/blog/themes/pure/source/js/insight.js [ 58.79% saved]
INFO  hexo-filter-cleanup(CSS): /home/wwwroot/workspaces/blog/themes/pure/source/css/style.css [ 18.63% saved]
INFO  hexo-filter-cleanup(CSS): /home/wwwroot/workspaces/blog/themes/pure/source/css/style.css [ 18.63% saved]
INFO  hexo-filter-cleanup(CSS): /home/wwwroot/workspaces/blog/themes/pure/source/css/style.css [ 18.63% saved]
INFO  hexo-filter-cleanup(CSS): /home/wwwroot/workspaces/blog/themes/pure/source/css/style.css [ 18.63% saved]
INFO  hexo-filter-cleanup(CSS): /home/wwwroot/workspaces/blog/themes/pure/source/css/style.css [ 18.63% saved]
INFO  hexo-filter-cleanup(CSS): /home/wwwroot/workspaces/blog/themes/pure/source/css/style.css [ 18.63% saved]
INFO  hexo-filter-cleanup(CSS): /home/wwwroot/workspaces/blog/themes/pure/source/css/style.css [ 18.63% saved]
INFO  hexo-filter-cleanup(CSS): /home/wwwroot/workspaces/blog/themes/pure/source/css/style.css [ 18.63% saved]
INFO  hexo-filter-cleanup(CSS): /home/wwwroot/workspaces/blog/themes/pure/source/css/style.css [ 18.63% saved]
INFO  hexo-filter-cleanup(CSS): /home/wwwroot/workspaces/blog/themes/pure/source/css/style.css [ 18.63% saved]
INFO  hexo-filter-cleanup(CSS): /home/wwwroot/workspaces/blog/themes/pure/source/css/style.css [ 18.63% saved]
INFO  hexo-filter-cleanup(CSS): /home/wwwroot/workspaces/blog/themes/pure/source/css/style.css [ 18.63% saved]
INFO  hexo-filter-cleanup(CSS): /home/wwwroot/workspaces/blog/themes/pure/source/css/style.css [ 18.63% saved]
INFO  hexo-filter-cleanup(CSS): /home/wwwroot/workspaces/blog/themes/pure/source/css/style.css [ 18.63% saved]
INFO  hexo-filter-cleanup(CSS): /home/wwwroot/workspaces/blog/themes/pure/source/css/style.css [ 18.63% saved]
INFO  hexo-filter-cleanup(CSS): /home/wwwroot/workspaces/blog/themes/pure/source/css/style.css [ 18.63% saved]
INFO  hexo-filter-cleanup(CSS): /home/wwwroot/workspaces/blog/themes/pure/source/css/style.css [ 18.63% saved]
INFO  hexo-filter-cleanup(CSS): /home/wwwroot/workspaces/blog/themes/pure/source/css/style.css [ 18.63% saved]
INFO  hexo-filter-cleanup(CSS): /home/wwwroot/workspaces/blog/themes/pure/source/css/style.css [ 18.63% saved]
INFO  hexo-filter-cleanup(CSS): /home/wwwroot/workspaces/blog/themes/pure/source/css/style.css [ 18.63% saved]
INFO  hexo-filter-cleanup(CSS): /home/wwwroot/workspaces/blog/themes/pure/source/css/style.css [ 18.63% saved]
